<?xml version="1.0" encoding="UTF-8"?>
<!-- Generated by org.testng.reporters.JUnitReportReporter -->
<testsuite hostname="dell" failures="0" tests="4" name="testNGpack.Enabled" time="0.017" errors="0" timestamp="2021-04-07T09:47:44 IST" skipped="1">
  <testcase classname="testNGpack.Enabled" name="bike" time="0.013"/>
  <system-out/>
  <testcase classname="testNGpack.Enabled" name="car" time="0.002"/>
  <system-out/>
  <testcase classname="testNGpack.Enabled" name="lorry" time="0.002"/>
  <system-out/>
  <testcase classname="testNGpack.Enabled" name="truck">
    <skipped/>
  </testcase> <!-- truck -->
  <system-out/>
</testsuite> <!-- testNGpack.Enabled -->
