<?xml version="1.0" encoding="UTF-8"?>
<!-- Generated by org.testng.reporters.JUnitReportReporter -->
<testsuite hostname="dell" failures="0" tests="1" name="testNGpack.Parameterization" time="0.013" errors="0" timestamp="2021-04-07T09:47:44 IST" skipped="0">
  <testcase classname="testNGpack.Parameterization" name="printTheValue" time="0.013"/>
  <system-out/>
</testsuite> <!-- testNGpack.Parameterization -->
