<?xml version="1.0" encoding="UTF-8"?>
<!-- Generated by org.testng.reporters.JUnitReportReporter -->
<testsuite hostname="dell" failures="0" tests="4" name="testNGpack.SampleTestCase" time="0.174" errors="0" timestamp="2021-04-07T09:47:44 IST" skipped="0">
  <testcase classname="testNGpack.SampleTestCase" name="thirdTest" time="0.005"/>
  <system-out/>
  <testcase classname="testNGpack.SampleTestCase" name="firstTest" time="0.112"/>
  <system-out/>
  <testcase classname="testNGpack.SampleTestCase" name="fourthTest" time="0.052"/>
  <system-out/>
  <testcase classname="testNGpack.SampleTestCase" name="secondTest" time="0.005"/>
  <system-out/>
</testsuite> <!-- testNGpack.SampleTestCase -->
