<?xml version="1.0" encoding="UTF-8"?>
<!-- Generated by org.testng.reporters.JUnitReportReporter -->
<testsuite hostname="dell" failures="0" tests="2" name="testNGpack.Grouping" time="0.110" errors="0" timestamp="2021-04-07T09:47:44 IST" skipped="0">
  <testcase classname="testNGpack.Grouping" name="mango" time="0.011"/>
  <system-out/>
  <testcase classname="testNGpack.Grouping" name="grapes" time="0.099"/>
  <system-out/>
</testsuite> <!-- testNGpack.Grouping -->
