<?xml version="1.0" encoding="UTF-8"?>
<!-- Generated by org.testng.reporters.JUnitReportReporter -->
<testsuite hostname="dell" failures="0" tests="1" name="testNGpack.Annotations" time="0.014" errors="0" timestamp="2021-04-03T13:28:31 IST" skipped="0">
  <testcase classname="testNGpack.Annotations" name="test" time="0.014"/>
  <system-out/>
</testsuite> <!-- testNGpack.Annotations -->
