<?xml version="1.0" encoding="UTF-8"?>
<!-- Generated by org.testng.reporters.JUnitReportReporter -->
<testsuite hostname="dell" failures="0" tests="1" name="testNGpack.Assertions" time="0.025" errors="0" timestamp="2021-04-03T13:13:39 IST" skipped="0">
  <testcase classname="testNGpack.Assertions" name="checkEqual" time="0.025"/>
  <system-out/>
</testsuite> <!-- testNGpack.Assertions -->
