<?xml version="1.0" encoding="UTF-8"?>
<!-- Generated by org.testng.reporters.JUnitReportReporter -->
<testsuite hostname="dell" failures="0" tests="4" name="testNGpack.Priority" time="0.025" errors="0" timestamp="2021-04-07T09:47:44 IST" skipped="0">
  <testcase classname="testNGpack.Priority" name="thirdPriority" time="0.005"/>
  <system-out/>
  <testcase classname="testNGpack.Priority" name="firstPriority" time="0.009"/>
  <system-out/>
  <testcase classname="testNGpack.Priority" name="fourthPriority" time="0.006"/>
  <system-out/>
  <testcase classname="testNGpack.Priority" name="secondPriority" time="0.005"/>
  <system-out/>
</testsuite> <!-- testNGpack.Priority -->
